0 info it worked if it ends with ok
1 verbose cli [ 'C:\\Program Files\\nodejs\\node.exe',
1 verbose cli   'C:\\Program Files\\nodejs\\node_modules\\npm\\bin\\npm-cli.js',
1 verbose cli   'run',
1 verbose cli   'start:dev' ]
2 info using npm@5.5.1
3 info using node@v8.9.0
4 verbose run-script [ 'prestart:dev', 'start:dev', 'poststart:dev' ]
5 info lifecycle drinkentory-server@0.0.1~prestart:dev: drinkentory-server@0.0.1
6 info lifecycle drinkentory-server@0.0.1~start:dev: drinkentory-server@0.0.1
7 verbose lifecycle drinkentory-server@0.0.1~start:dev: unsafe-perm in lifecycle true
8 verbose lifecycle drinkentory-server@0.0.1~start:dev: PATH: C:\Program Files\nodejs\node_modules\npm\bin\node-gyp-bin;C:\Users\Andrew\Documents\drinkentory-server\node_modules\.bin;C:\Users\Andrew\bin;C:\Program Files\Git\mingw64\bin;C:\Program Files\Git\usr\local\bin;C:\Program Files\Git\usr\bin;C:\Program Files\Git\usr\bin;C:\Program Files\Git\mingw64\bin;C:\Program Files\Git\usr\bin;C:\Users\Andrew\bin;C:\Program Files (x86)\Common Files\Oracle\Java\javapath;C:\ProgramData\Oracle\Java\javapath;C:\Program Files (x86)\NewEagle\Licensing;C:\Program Files\NVIDIA GPU Computing Toolkit\CUDA\v8.0\bin;C:\Program Files\NVIDIA GPU Computing Toolkit\CUDA\v8.0\libnvvp;C:\Windows\system32;C:\Windows;C:\Windows\System32\Wbem;C:\Windows\System32\WindowsPowerShell\v1.0;C:\Program Files\TortoiseSVN\bin;C:\Program Files\PuTTY;C:\Program Files\MATLAB\R2017a\runtime\win64;C:\Program Files\MATLAB\R2017a\bin;C:\Users\Andrew\.dnx\bin;C:\Program Files\Microsoft DNX\Dnvm;C:\Program Files\Microsoft SQL Server\130\Tools\Binn;C:\Program Files (x86)\Windows Kits\8.1\bin\x86;C:\Program Files\Git\cmd;C:\WINDOWS\system32;C:\WINDOWS;C:\WINDOWS\System32\Wbem;C:\WINDOWS\System32\WindowsPowerShell\v1.0;C:\Program Files\nodejs;C:\Program Files (x86)\WinSCP;C:\Program Files\bladeRF\x64;C:\WINDOWS\System32\OpenSSH;C:\Program Files\Microsoft VS Code\bin;C:\Program Files\Intel\WiFi\bin;C:\Program Files\Common Files\Intel\WirelessCommon;C:\Program Files\NVIDIA Corporation\NVIDIA NvDLISR;C:\Program Files (x86)\NVIDIA Corporation\PhysX\Common;C:\WINDOWS\system32;C:\WINDOWS;C:\WINDOWS\System32\Wbem;C:\WINDOWS\System32\WindowsPowerShell\v1.0;C:\WINDOWS\System32\OpenSSH;C:\Users\Andrew\AppData\Local\Programs\Python\Python36\Scripts;C:\Users\Andrew\AppData\Local\Programs\Python\Python36;C:\Users\Andrew\AppData\Local\Programs\Python\Python36-32\Scripts;C:\Users\Andrew\AppData\Local\Programs\Python\Python36-32;C:\Python27;C:\Python27\Scripts;C:\Users\Andrew\AppData\Local\Microsoft\WindowsApps;C:\Program Files\Microsoft VS Code\bin;C:\Users\Andrew\AppData\Roaming\npm;C:\Users\Andrew\AppData\Local\GitHubDesktop\bin;C:\Users\Andrew\AppData\Local\Microsoft\WindowsApps;C:\Program Files\Git\usr\bin\vendor_perl;C:\Program Files\Git\usr\bin\core_perl
9 verbose lifecycle drinkentory-server@0.0.1~start:dev: CWD: C:\Users\Andrew\Documents\drinkentory-server
10 silly lifecycle drinkentory-server@0.0.1~start:dev: Args: [ '/d /s /c', 'nest start --watch' ]
11 silly lifecycle drinkentory-server@0.0.1~start:dev: Returned: code: 1  signal: null
12 info lifecycle drinkentory-server@0.0.1~start:dev: Failed to exec start:dev script
13 verbose stack Error: drinkentory-server@0.0.1 start:dev: `nest start --watch`
13 verbose stack Exit status 1
13 verbose stack     at EventEmitter.<anonymous> (C:\Program Files\nodejs\node_modules\npm\node_modules\npm-lifecycle\index.js:280:16)
13 verbose stack     at emitTwo (events.js:126:13)
13 verbose stack     at EventEmitter.emit (events.js:214:7)
13 verbose stack     at ChildProcess.<anonymous> (C:\Program Files\nodejs\node_modules\npm\node_modules\npm-lifecycle\lib\spawn.js:55:14)
13 verbose stack     at emitTwo (events.js:126:13)
13 verbose stack     at ChildProcess.emit (events.js:214:7)
13 verbose stack     at maybeClose (internal/child_process.js:925:16)
13 verbose stack     at Process.ChildProcess._handle.onexit (internal/child_process.js:209:5)
14 verbose pkgid drinkentory-server@0.0.1
15 verbose cwd C:\Users\Andrew\Documents\drinkentory-server
16 verbose Windows_NT 10.0.18362
17 verbose argv "C:\\Program Files\\nodejs\\node.exe" "C:\\Program Files\\nodejs\\node_modules\\npm\\bin\\npm-cli.js" "run" "start:dev"
18 verbose node v8.9.0
19 verbose npm  v5.5.1
20 error code ELIFECYCLE
21 error errno 1
22 error drinkentory-server@0.0.1 start:dev: `nest start --watch`
22 error Exit status 1
23 error Failed at the drinkentory-server@0.0.1 start:dev script.
23 error This is probably not a problem with npm. There is likely additional logging output above.
24 verbose exit [ 1, true ]
